<?xml version="1.0" encoding="UTF-8"?>
<!-- Generated by org.testng.reporters.JUnitReportReporter -->
<testsuite hostname="LAPTOP-B20NOAGI" failures="0" tests="1" name="test.NewTest" time="2.519" errors="0" timestamp="2022-10-07T11:28:55 IST" skipped="0">
  <testcase classname="test.NewTest" name="f" time="2.519"/>
  <system-out/>
</testsuite> <!-- test.NewTest -->
